[    1077ms] [VERBOSE] [DOM] Input elements should have autocomplete attributes (suggested: "current-password"): (More info: https://goo.gl/9p2vKq) %o @ https://admin.friday.mu/:0
[   27347ms] [ERROR] Failed to load resource: the server responded with a status of 401 (Unauthorized) @ https://admin.friday.mu/api/sse/inbox?token=eyJhbGciOiJIUzI1NiIsInR5cCI6IkpXVCJ9.eyJ1c2VyX2lkIjoiODY4ZWE0N2YtYjQ4Mi00M2ExLTkxM2EtZmFiZTk4MWNlYjgxIiwidGVuYW50X2lkIjoiMDAwMDAwMDAtMDAwMC0wMDAwLTAwMDAtMDAwMDAwMDAwMDAxIiwidXNlcm5hbWUiOiJpc2hhbnRAZnJpZGF5Lm11IiwiZGlzcGxheV9uYW1lIjoiSXNoYW50Iiwicm9sZSI6ImFkbWluIiwiaWF0IjoxNzc1NzAzNTgzLCJleHAiOjE3NzU3ODk5ODN9.0LH1uegtyiydkBRePtEV8kHoIZo1kO0cac_MrqD48vQ:0
[   27347ms] [LOG] [SSE] Connection error, will retry... @ https://admin.friday.mu/_next/static/chunks/0.r9fn6bfq~0..js:176
[   27763ms] [ERROR] Failed to load resource: the server responded with a status of 401 (Unauthorized) @ https://admin.friday.mu/api/sse/inbox?token=eyJhbGciOiJIUzI1NiIsInR5cCI6IkpXVCJ9.eyJ1c2VyX2lkIjoiODY4ZWE0N2YtYjQ4Mi00M2ExLTkxM2EtZmFiZTk4MWNlYjgxIiwidGVuYW50X2lkIjoiMDAwMDAwMDAtMDAwMC0wMDAwLTAwMDAtMDAwMDAwMDAwMDAxIiwidXNlcm5hbWUiOiJpc2hhbnRAZnJpZGF5Lm11IiwiZGlzcGxheV9uYW1lIjoiSXNoYW50Iiwicm9sZSI6ImFkbWluIiwiaWF0IjoxNzc1NzAzNTgzLCJleHAiOjE3NzU3ODk5ODN9.0LH1uegtyiydkBRePtEV8kHoIZo1kO0cac_MrqD48vQ:0
[   27763ms] [LOG] [SSE] Connection error, will retry... @ https://admin.friday.mu/_next/static/chunks/0.r9fn6bfq~0..js:176
[   27836ms] [ERROR] Failed to load resource: the server responded with a status of 404 (Not Found) @ https://admin.friday.mu/api/conversations/3f9e0632-3948-4420-97a6-8c42c83b3f5a/read:0
[   52874ms] [ERROR] Failed to load resource: the server responded with a status of 401 (Unauthorized) @ https://admin.friday.mu/api/sse/inbox?token=eyJhbGciOiJIUzI1NiIsInR5cCI6IkpXVCJ9.eyJ1c2VyX2lkIjoiODY4ZWE0N2YtYjQ4Mi00M2ExLTkxM2EtZmFiZTk4MWNlYjgxIiwidGVuYW50X2lkIjoiMDAwMDAwMDAtMDAwMC0wMDAwLTAwMDAtMDAwMDAwMDAwMDAxIiwidXNlcm5hbWUiOiJpc2hhbnRAZnJpZGF5Lm11IiwiZGlzcGxheV9uYW1lIjoiSXNoYW50Iiwicm9sZSI6ImFkbWluIiwiaWF0IjoxNzc1NzAzNTgzLCJleHAiOjE3NzU3ODk5ODN9.0LH1uegtyiydkBRePtEV8kHoIZo1kO0cac_MrqD48vQ:0
[   52874ms] [LOG] [SSE] Connection error, will retry... @ https://admin.friday.mu/_next/static/chunks/0.r9fn6bfq~0..js:176
[   52945ms] [ERROR] Failed to load resource: the server responded with a status of 404 (Not Found) @ https://admin.friday.mu/api/conversations/7769245b-efd7-4faf-af04-f1e85511b835/read:0
[  352074ms] [ERROR] Failed to load resource: the server responded with a status of 401 (Unauthorized) @ https://admin.friday.mu/api/sse/inbox?token=eyJhbGciOiJIUzI1NiIsInR5cCI6IkpXVCJ9.eyJ1c2VyX2lkIjoiODY4ZWE0N2YtYjQ4Mi00M2ExLTkxM2EtZmFiZTk4MWNlYjgxIiwidGVuYW50X2lkIjoiMDAwMDAwMDAtMDAwMC0wMDAwLTAwMDAtMDAwMDAwMDAwMDAxIiwidXNlcm5hbWUiOiJpc2hhbnRAZnJpZGF5Lm11IiwiZGlzcGxheV9uYW1lIjoiSXNoYW50Iiwicm9sZSI6ImFkbWluIiwiaWF0IjoxNzc1NzAzNTgzLCJleHAiOjE3NzU3ODk5ODN9.0LH1uegtyiydkBRePtEV8kHoIZo1kO0cac_MrqD48vQ:0
[  352074ms] [LOG] [SSE] Connection error, will retry... @ https://admin.friday.mu/_next/static/chunks/0.r9fn6bfq~0..js:176
[  352132ms] [ERROR] Failed to load resource: the server responded with a status of 404 (Not Found) @ https://admin.friday.mu/api/conversations/3f9e0632-3948-4420-97a6-8c42c83b3f5a/read:0
[  366480ms] [ERROR] Failed to load resource: the server responded with a status of 401 (Unauthorized) @ https://admin.friday.mu/api/sse/inbox?token=eyJhbGciOiJIUzI1NiIsInR5cCI6IkpXVCJ9.eyJ1c2VyX2lkIjoiODY4ZWE0N2YtYjQ4Mi00M2ExLTkxM2EtZmFiZTk4MWNlYjgxIiwidGVuYW50X2lkIjoiMDAwMDAwMDAtMDAwMC0wMDAwLTAwMDAtMDAwMDAwMDAwMDAxIiwidXNlcm5hbWUiOiJpc2hhbnRAZnJpZGF5Lm11IiwiZGlzcGxheV9uYW1lIjoiSXNoYW50Iiwicm9sZSI6ImFkbWluIiwiaWF0IjoxNzc1NzAzNTgzLCJleHAiOjE3NzU3ODk5ODN9.0LH1uegtyiydkBRePtEV8kHoIZo1kO0cac_MrqD48vQ:0
[  366480ms] [LOG] [SSE] Connection error, will retry... @ https://admin.friday.mu/_next/static/chunks/0.r9fn6bfq~0..js:176
[  366640ms] [ERROR] Failed to load resource: the server responded with a status of 404 (Not Found) @ https://admin.friday.mu/api/conversations/3210a27b-6d7f-4868-9eb3-ca138a1469c0/read:0
[  410307ms] [ERROR] Failed to load resource: the server responded with a status of 401 (Unauthorized) @ https://admin.friday.mu/api/sse/inbox?token=eyJhbGciOiJIUzI1NiIsInR5cCI6IkpXVCJ9.eyJ1c2VyX2lkIjoiODY4ZWE0N2YtYjQ4Mi00M2ExLTkxM2EtZmFiZTk4MWNlYjgxIiwidGVuYW50X2lkIjoiMDAwMDAwMDAtMDAwMC0wMDAwLTAwMDAtMDAwMDAwMDAwMDAxIiwidXNlcm5hbWUiOiJpc2hhbnRAZnJpZGF5Lm11IiwiZGlzcGxheV9uYW1lIjoiSXNoYW50Iiwicm9sZSI6ImFkbWluIiwiaWF0IjoxNzc1NzAzNTgzLCJleHAiOjE3NzU3ODk5ODN9.0LH1uegtyiydkBRePtEV8kHoIZo1kO0cac_MrqD48vQ:0
[  410307ms] [LOG] [SSE] Connection error, will retry... @ https://admin.friday.mu/_next/static/chunks/0.r9fn6bfq~0..js:176
[  410552ms] [ERROR] Failed to load resource: the server responded with a status of 404 (Not Found) @ https://admin.friday.mu/api/conversations/308499e7-ee89-4654-85c5-2ca0b6a45df0/read:0
[  571494ms] [ERROR] Failed to load resource: the server responded with a status of 401 (Unauthorized) @ https://admin.friday.mu/api/sse/inbox?token=eyJhbGciOiJIUzI1NiIsInR5cCI6IkpXVCJ9.eyJ1c2VyX2lkIjoiODY4ZWE0N2YtYjQ4Mi00M2ExLTkxM2EtZmFiZTk4MWNlYjgxIiwidGVuYW50X2lkIjoiMDAwMDAwMDAtMDAwMC0wMDAwLTAwMDAtMDAwMDAwMDAwMDAxIiwidXNlcm5hbWUiOiJpc2hhbnRAZnJpZGF5Lm11IiwiZGlzcGxheV9uYW1lIjoiSXNoYW50Iiwicm9sZSI6ImFkbWluIiwiaWF0IjoxNzc1NzAzNTgzLCJleHAiOjE3NzU3ODk5ODN9.0LH1uegtyiydkBRePtEV8kHoIZo1kO0cac_MrqD48vQ:0
[  571494ms] [LOG] [SSE] Connection error, will retry... @ https://admin.friday.mu/_next/static/chunks/0.r9fn6bfq~0..js:176
[  571513ms] [ERROR] Failed to load resource: the server responded with a status of 404 (Not Found) @ https://admin.friday.mu/api/conversations/8b59ad6d-0c71-4063-a201-337e0a7b3f36/read:0
[  587264ms] [ERROR] Failed to load resource: the server responded with a status of 401 (Unauthorized) @ https://admin.friday.mu/api/sse/inbox?token=eyJhbGciOiJIUzI1NiIsInR5cCI6IkpXVCJ9.eyJ1c2VyX2lkIjoiODY4ZWE0N2YtYjQ4Mi00M2ExLTkxM2EtZmFiZTk4MWNlYjgxIiwidGVuYW50X2lkIjoiMDAwMDAwMDAtMDAwMC0wMDAwLTAwMDAtMDAwMDAwMDAwMDAxIiwidXNlcm5hbWUiOiJpc2hhbnRAZnJpZGF5Lm11IiwiZGlzcGxheV9uYW1lIjoiSXNoYW50Iiwicm9sZSI6ImFkbWluIiwiaWF0IjoxNzc1NzAzNTgzLCJleHAiOjE3NzU3ODk5ODN9.0LH1uegtyiydkBRePtEV8kHoIZo1kO0cac_MrqD48vQ:0
[  587264ms] [LOG] [SSE] Connection error, will retry... @ https://admin.friday.mu/_next/static/chunks/0.r9fn6bfq~0..js:176
[  587413ms] [ERROR] Failed to load resource: the server responded with a status of 404 (Not Found) @ https://admin.friday.mu/api/conversations/3210a27b-6d7f-4868-9eb3-ca138a1469c0/read:0
[  593961ms] [ERROR] Failed to load resource: the server responded with a status of 401 (Unauthorized) @ https://admin.friday.mu/api/sse/inbox?token=eyJhbGciOiJIUzI1NiIsInR5cCI6IkpXVCJ9.eyJ1c2VyX2lkIjoiODY4ZWE0N2YtYjQ4Mi00M2ExLTkxM2EtZmFiZTk4MWNlYjgxIiwidGVuYW50X2lkIjoiMDAwMDAwMDAtMDAwMC0wMDAwLTAwMDAtMDAwMDAwMDAwMDAxIiwidXNlcm5hbWUiOiJpc2hhbnRAZnJpZGF5Lm11IiwiZGlzcGxheV9uYW1lIjoiSXNoYW50Iiwicm9sZSI6ImFkbWluIiwiaWF0IjoxNzc1NzAzNTgzLCJleHAiOjE3NzU3ODk5ODN9.0LH1uegtyiydkBRePtEV8kHoIZo1kO0cac_MrqD48vQ:0
[  593961ms] [LOG] [SSE] Connection error, will retry... @ https://admin.friday.mu/_next/static/chunks/0.r9fn6bfq~0..js:176
[  594215ms] [ERROR] Failed to load resource: the server responded with a status of 404 (Not Found) @ https://admin.friday.mu/api/conversations/95ebd8cb-3c12-4dbd-a0dd-aca3ef4a8f45/read:0
[  613847ms] [ERROR] Failed to load resource: the server responded with a status of 401 (Unauthorized) @ https://admin.friday.mu/api/sse/inbox?token=eyJhbGciOiJIUzI1NiIsInR5cCI6IkpXVCJ9.eyJ1c2VyX2lkIjoiODY4ZWE0N2YtYjQ4Mi00M2ExLTkxM2EtZmFiZTk4MWNlYjgxIiwidGVuYW50X2lkIjoiMDAwMDAwMDAtMDAwMC0wMDAwLTAwMDAtMDAwMDAwMDAwMDAxIiwidXNlcm5hbWUiOiJpc2hhbnRAZnJpZGF5Lm11IiwiZGlzcGxheV9uYW1lIjoiSXNoYW50Iiwicm9sZSI6ImFkbWluIiwiaWF0IjoxNzc1NzAzNTgzLCJleHAiOjE3NzU3ODk5ODN9.0LH1uegtyiydkBRePtEV8kHoIZo1kO0cac_MrqD48vQ:0
[  613847ms] [LOG] [SSE] Connection error, will retry... @ https://admin.friday.mu/_next/static/chunks/0.r9fn6bfq~0..js:176
[  613911ms] [ERROR] Failed to load resource: the server responded with a status of 404 (Not Found) @ https://admin.friday.mu/api/conversations/3210a27b-6d7f-4868-9eb3-ca138a1469c0/read:0
[ 1030637ms] [ERROR] Failed to load resource: the server responded with a status of 401 (Unauthorized) @ https://admin.friday.mu/api/sse/inbox?token=eyJhbGciOiJIUzI1NiIsInR5cCI6IkpXVCJ9.eyJ1c2VyX2lkIjoiODY4ZWE0N2YtYjQ4Mi00M2ExLTkxM2EtZmFiZTk4MWNlYjgxIiwidGVuYW50X2lkIjoiMDAwMDAwMDAtMDAwMC0wMDAwLTAwMDAtMDAwMDAwMDAwMDAxIiwidXNlcm5hbWUiOiJpc2hhbnRAZnJpZGF5Lm11IiwiZGlzcGxheV9uYW1lIjoiSXNoYW50Iiwicm9sZSI6ImFkbWluIiwiaWF0IjoxNzc1NzAzNTgzLCJleHAiOjE3NzU3ODk5ODN9.0LH1uegtyiydkBRePtEV8kHoIZo1kO0cac_MrqD48vQ:0
[ 1030637ms] [LOG] [SSE] Connection error, will retry... @ https://admin.friday.mu/_next/static/chunks/0.r9fn6bfq~0..js:176
[ 1030747ms] [ERROR] Failed to load resource: the server responded with a status of 404 (Not Found) @ https://admin.friday.mu/api/conversations/8b59ad6d-0c71-4063-a201-337e0a7b3f36/read:0
